http://torrage.com/torrent/BF59B7D12AA1D0E8796DB614B9F2FF2CFD2C8334.torrent
http://torrage.com/torrent/EE44627B5200AA74096A944BB905E2386A8A2DFD.torrent
http://torrage.com/torrent/A47E407DD45DB6679FA01EE8EF3325F7FA521C2A.torrent
http://torrage.com/torrent/25A122942D3068EFB90ABE641ABCAF2B2189097B.torrent
http://torrage.com/torrent/70C60386523754D26B097F916D0BD77B49B522E6.torrent
http://torrage.com/torrent/26F93C4185A0857AD62CDE9A8DEFA7508CD637FD.torrent
http://torrage.com/torrent/EDF77FE01B518E7BECE815912DF2A39578833290.torrent
http://torrage.com/torrent/D45682F023389DAD3F5FFD31BA3E1BC9C7C1E359.torrent
http://torrage.com/torrent/3BAF3322B35FB6E68B7BA13492E351965A34BA1F.torrent
http://torrage.com/torrent/CDC6177BFF0219C8C3C9E8DA6A4D5EA3A7EFFF4D.torrent
http://torrage.com/torrent/31331D22365464C32ACD26759FD9AEF7B67C31EA.torrent
http://torrage.com/torrent/02618B3117C7F26F4F85E16E629F77FB267F0F7F.torrent
http://torrage.com/torrent/AFF60BAD594A447FCE1A45DE75B24DCEDD2C8583.torrent
http://torrage.com/torrent/6302929A567978619A4DA2B3F474C30A7D6D90B0.torrent
http://torrage.com/torrent/4C00CBA27268A9FEAF849C1E572ED722BCCB579F.torrent
http://torrage.com/torrent/AFDAB08EE8FFC5C2E233DE1E09F0AF83528D42D3.torrent
http://torrage.com/torrent/2087315710D5D9C82DFD883683E6F322E8C25CB4.torrent
http://torrage.com/torrent/1374D2F7903C117D0A12020DBFD2BEF53CA8FE91.torrent
http://torrage.com/torrent/FE049208F77D60B2759C543027B4526F72B54781.torrent
http://torrage.com/torrent/7193BCBC74CA7F56143870E20030124675BB4402.torrent
http://torrage.com/torrent/F03513B17A0D8877B4B76544603D44DA84A5BC8B.torrent
http://torrage.com/torrent/14D0F799E79A1C8D0299CA9092061340E8816150.torrent
http://torrage.com/torrent/56288A6CB1EDA4169E4C18B686A1897D5572FEF8.torrent
http://torrage.com/torrent/BED425AD8C96FF8645E4674762DC86C3CD123CDE.torrent
http://torrage.com/torrent/F663D1D99B933E1212102434A601E09DD603A81C.torrent
http://torrage.com/torrent/95725B444331C74546A61250269E208E7F453630.torrent
http://torrage.com/torrent/0403D839153664187920C85D356EABB22EBB18FE.torrent
http://torrage.com/torrent/DFADFACB66D6413054F3CAD2D3CC1099B6EE30AB.torrent
http://torrage.com/torrent/6D120AFF817330DFF16C1FE8E567449CD2CEC317.torrent
http://torrage.com/torrent/B301EF0355A04F4062F13AA2B739ADF81AF53944.torrent
http://torrage.com/torrent/0F1079519981ED93CC2ADEAB8B61A7679A79AE03.torrent
http://torrage.com/torrent/9EE54C28A52FB51913F4A370A3EA63299CC699BE.torrent
http://torrage.com/torrent/9746F193C5DA73D42AE530ED87799BE985165866.torrent
http://torrage.com/torrent/A9E45D13AD06C4B4F5F6C63487479323D1C16964.torrent
http://torrage.com/torrent/2E16D36E68D73878BE7A7D0C07D90E47E7B76FC4.torrent
http://torrage.com/torrent/247875B85E403694F273AC9A1D8C7087A9EAD247.torrent
http://torrage.com/torrent/E817054F88F701B4B267323BE198037D99D0559F.torrent
http://torrage.com/torrent/E817054F88F701B4B267323BE198037D99D0559F.torrent
http://torrage.com/torrent/244285E2422560B90EC48D5881AA54D5C760616D.torrent
http://torrage.com/torrent/45D6AC452E0FE96115A7E36409CE811AFE37FADE.torrent
http://torrage.com/torrent/DA130F904D9314705C2BB899735A09B0F63DD7A8.torrent
http://torrage.com/torrent/2B3B73F149014A3110A4C1A16CA7D60D7A0A4C08.torrent
http://torrage.com/torrent/CD51B62A3D9D3BB7AE9D6073A52037446A915BBC.torrent
http://torrage.com/torrent/C5E687C06E70D112C24E846F7E54A0074D812131.torrent
http://torrage.com/torrent/42FDA51640050C4370A399DE46F6923F2339F962.torrent
http://torrage.com/torrent/1032E0DDD45477FCFC3B4DD1B16C3D0AACE57745.torrent
http://torrage.com/torrent/A9B7283D226E06EEDC461F9B26636F134C8F56D4.torrent
http://torrage.com/torrent/C565E42D77B49BC3B2FB442592ED95273DB3F941.torrent
http://torrage.com/torrent/7E029A7D16AA65D1A6BADB765231588D55A587D4.torrent
http://torrage.com/torrent/4AC134EB2E9701B952CA28566600D76F4ADE5AD9.torrent
http://torrage.com/torrent/519A63275B1D0CBA32EF2519D951472B8912F3BB.torrent
http://torrage.com/torrent/231CA1C9B46379C2096FF3ED40B5AF11DAB68F06.torrent
http://torrage.com/torrent/505382E4624EE2F306AC4462F34A967C0B478859.torrent
